This is pdfTeX, Version 3.14159265-2.6-1.40.18 (MiKTeX 2.9.6350 64-bit) (preloaded format=pdflatex 2017.10.28)  24 MAR 2018 11:31
entering extended mode
**./documentation.tex
(documentation.tex
LaTeX2e <2017-04-15>
Babel <3.10> and hyphenation patterns for 75 language(s) loaded.
("C:\Program Files\MiKTeX 2.9\tex\latex\base\article.cls"
Document Class: article 2014/09/29 v1.4h Standard LaTeX document class
("C:\Program Files\MiKTeX 2.9\tex\latex\base\size10.clo"
File: size10.clo 2014/09/29 v1.4h Standard LaTeX file (size option)
)
\c@part=\count79
\c@section=\count80
\c@subsection=\count81
\c@subsubsection=\count82
\c@paragraph=\count83
\c@subparagraph=\count84
\c@figure=\count85
\c@table=\count86
\abovecaptionskip=\skip41
\belowcaptionskip=\skip42
\bibindent=\dimen102
)
("C:\Program Files\MiKTeX 2.9\tex\latex\graphics\graphicx.sty"
Package: graphicx 2014/10/28 v1.0g Enhanced LaTeX Graphics (DPC,SPQR)

("C:\Program Files\MiKTeX 2.9\tex\latex\graphics\keyval.sty"
Package: keyval 2014/10/28 v1.15 key=value parser (DPC)
\KV@toks@=\toks14
)
("C:\Program Files\MiKTeX 2.9\tex\latex\graphics\graphics.sty"
Package: graphics 2017/04/14 v1.1b Standard LaTeX Graphics (DPC,SPQR)

("C:\Program Files\MiKTeX 2.9\tex\latex\graphics\trig.sty"
Package: trig 2016/01/03 v1.10 sin cos tan (DPC)
)
("C:\Program Files\MiKTeX 2.9\tex\latex\graphics-cfg\graphics.cfg"
File: graphics.cfg 2016/06/04 v1.11 sample graphics configuration
)
Package graphics Info: Driver file: pdftex.def on input line 99.

("C:\Program Files\MiKTeX 2.9\tex\latex\graphics-def\pdftex.def"
File: pdftex.def 2017/01/12 v0.06k Graphics/color for pdfTeX

("C:\Program Files\MiKTeX 2.9\tex\generic\oberdiek\infwarerr.sty"
Package: infwarerr 2016/05/16 v1.4 Providing info/warning/error messages (HO)
)
("C:\Program Files\MiKTeX 2.9\tex\generic\oberdiek\ltxcmds.sty"
Package: ltxcmds 2016/05/16 v1.23 LaTeX kernel commands for general use (HO)
)
\Gread@gobject=\count87
))
\Gin@req@height=\dimen103
\Gin@req@width=\dimen104
)
("C:\Program Files\MiKTeX 2.9\tex\latex\float\float.sty"
Package: float 2001/11/08 v1.3d Float enhancements (AL)
\c@float@type=\count88
\float@exts=\toks15
\float@box=\box26
\@float@everytoks=\toks16
\@floatcapt=\box27
) (documentation.aux)
\openout1 = `documentation.aux'.

LaTeX Font Info:    Checking defaults for OML/cmm/m/it on input line 5.
LaTeX Font Info:    ... okay on input line 5.
LaTeX Font Info:    Checking defaults for T1/cmr/m/n on input line 5.
LaTeX Font Info:    ... okay on input line 5.
LaTeX Font Info:    Checking defaults for OT1/cmr/m/n on input line 5.
LaTeX Font Info:    ... okay on input line 5.
LaTeX Font Info:    Checking defaults for OMS/cmsy/m/n on input line 5.
LaTeX Font Info:    ... okay on input line 5.
LaTeX Font Info:    Checking defaults for OMX/cmex/m/n on input line 5.
LaTeX Font Info:    ... okay on input line 5.
LaTeX Font Info:    Checking defaults for U/cmr/m/n on input line 5.
LaTeX Font Info:    ... okay on input line 5.

("C:\Program Files\MiKTeX 2.9\tex\context\base\supp-pdf.mkii"
[Loading MPS to PDF converter (version 2006.09.02).]
\scratchcounter=\count89
\scratchdimen=\dimen105
\scratchbox=\box28
\nofMPsegments=\count90
\nofMParguments=\count91
\everyMPshowfont=\toks17
\MPscratchCnt=\count92
\MPscratchDim=\dimen106
\MPnumerator=\count93
\makeMPintoPDFobject=\count94
\everyMPtoPDFconversion=\toks18
) ("C:\Program Files\MiKTeX 2.9\tex\generic\oberdiek\pdftexcmds.sty"
Package: pdftexcmds 2017/03/19 v0.25 Utility functions of pdfTeX for LuaTeX (HO
)

("C:\Program Files\MiKTeX 2.9\tex\generic\oberdiek\ifluatex.sty"
Package: ifluatex 2016/05/16 v1.4 Provides the ifluatex switch (HO)
Package ifluatex Info: LuaTeX not detected.
)
("C:\Program Files\MiKTeX 2.9\tex\generic\oberdiek\ifpdf.sty"
Package: ifpdf 2017/03/15 v3.2 Provides the ifpdf switch
)
Package pdftexcmds Info: LuaTeX not detected.
Package pdftexcmds Info: \pdf@primitive is available.
Package pdftexcmds Info: \pdf@ifprimitive is available.
Package pdftexcmds Info: \pdfdraftmode found.
)
("C:\Program Files\MiKTeX 2.9\tex\latex\oberdiek\epstopdf-base.sty"
Package: epstopdf-base 2016/05/15 v2.6 Base part for package epstopdf

("C:\Program Files\MiKTeX 2.9\tex\latex\oberdiek\grfext.sty"
Package: grfext 2016/05/16 v1.2 Manage graphics extensions (HO)

("C:\Program Files\MiKTeX 2.9\tex\generic\oberdiek\kvdefinekeys.sty"
Package: kvdefinekeys 2016/05/16 v1.4 Define keys (HO)
))
("C:\Program Files\MiKTeX 2.9\tex\latex\oberdiek\kvoptions.sty"
Package: kvoptions 2016/05/16 v3.12 Key value format for package options (HO)

("C:\Program Files\MiKTeX 2.9\tex\generic\oberdiek\kvsetkeys.sty"
Package: kvsetkeys 2016/05/16 v1.17 Key value parser (HO)

("C:\Program Files\MiKTeX 2.9\tex\generic\oberdiek\etexcmds.sty"
Package: etexcmds 2016/05/16 v1.6 Avoid name clashes with e-TeX commands (HO)
Package etexcmds Info: Could not find \expanded.
(etexcmds)             That can mean that you are not using pdfTeX 1.50 or
(etexcmds)             that some package has redefined \expanded.
(etexcmds)             In the latter case, load this package earlier.
)))
Package epstopdf-base Info: Redefining graphics rule for `.eps' on input line 4
38.
Package grfext Info: Graphics extension search list:
(grfext)             [.png,.pdf,.jpg,.mps,.jpeg,.jbig2,.jb2,.PNG,.PDF,.JPG,.JPE
G,.JBIG2,.JB2,.eps]
(grfext)             \AppendGraphicsExtensions on input line 456.
)
(files/titlepage.tex
<files/images/PolimiLogo.png, id=1, 405.515pt x 125.46875pt>
File: files/images/PolimiLogo.png Graphic file (type png)

<use files/images/PolimiLogo.png>
Package pdftex.def Info: files/images/PolimiLogo.png used on input line 3.
(pdftex.def)             Requested size: 202.75699pt x 62.7342pt.
LaTeX Font Info:    External font `cmex10' loaded for size
(Font)              <20.74> on input line 13.
LaTeX Font Info:    External font `cmex10' loaded for size
(Font)              <14.4> on input line 13.
LaTeX Font Info:    External font `cmex10' loaded for size
(Font)              <12> on input line 13.
 [1

{C:/ProgramData/MiKTeX/2.9/pdftex/config/pdftex.map} <./files/images/PolimiLogo
.png>]) (documentation.toc
LaTeX Font Info:    External font `cmex10' loaded for size
(Font)              <7> on input line 3.
LaTeX Font Info:    External font `cmex10' loaded for size
(Font)              <5> on input line 3.
)
\tf@toc=\write3
\openout3 = `documentation.toc'.

 [0]
(files/introduction.tex
Missing character: There is no â in font cmr10!
Missing character: There is no € in font cmr10!
Missing character: There is no ™ in font cmr10!
LaTeX Font Info:    Try loading font information for OMS+cmr on input line 15.
 ("C:\Program Files\MiKTeX 2.9\tex\latex\base\omscmr.fd"
File: omscmr.fd 2014/09/29 v2.5h Standard LaTeX font definitions
)
LaTeX Font Info:    Font shape `OMS/cmr/m/n' in size <10> not available
(Font)              Font shape `OMS/cmsy/m/n' tried instead on input line 15.
 <files/images/SystemStructure.png, id=14, 673.51625pt x 383.4325pt>
File: files/images/SystemStructure.png Graphic file (type png)

<use files/images/SystemStructure.png>
Package pdftex.def Info: files/images/SystemStructure.png used on input line 29
.
(pdftex.def)             Requested size: 448.50105pt x 255.3363pt.

Overfull \hbox (51.75316pt too wide) in paragraph at lines 28--30
[]| [] 
 []


LaTeX Warning: `!h' float specifier changed to `!ht'.

) [1] (files/controller.tex) [2 <./files/images/SystemStructure.png>]
(files/microphone.tex
<files/images/board_view.png, id=24, 217.41225pt x 343.2825pt>
File: files/images/board_view.png Graphic file (type png)

<use files/images/board_view.png>
Package pdftex.def Info: files/images/board_view.png used on input line 9.
(pdftex.def)             Requested size: 217.4117pt x 343.28165pt.
 [3 <./files/images/board_view.png>]
<files/images/mic_bottom_pins.png, id=29, 219.219pt x 222.23026pt>
File: files/images/mic_bottom_pins.png Graphic file (type png)

<use files/images/mic_bottom_pins.png>
Package pdftex.def Info: files/images/mic_bottom_pins.png used on input line 26
.
(pdftex.def)             Requested size: 219.21844pt x 222.2297pt.
) [4 <./files/images/mic_bottom_pins.png>] (files/wirelesscommunication.tex) [5
] (files/motors.tex) [6]
(files/bibliography.tex) [7] (documentation.aux) ) 
Here is how much of TeX's memory you used:
 1604 strings out of 493323
 23130 string characters out of 3139065
 83166 words of memory out of 3000000
 5125 multiletter control sequences out of 15000+200000
 7609 words of font info for 27 fonts, out of 3000000 for 9000
 1141 hyphenation exceptions out of 8191
 39i,6n,25p,617b,221s stack positions out of 5000i,500n,10000p,200000b,50000s
<C:/Program Files/MiKTeX 2.9/
fonts/type1/public/amsfonts/cm/cmbx10.pfb><C:/Program Files/MiKTeX 2.9/fonts/ty
pe1/public/amsfonts/cm/cmbx12.pfb><C:/Program Files/MiKTeX 2.9/fonts/type1/publ
ic/amsfonts/cm/cmr10.pfb><C:/Program Files/MiKTeX 2.9/fonts/type1/public/amsfon
ts/cm/cmr17.pfb><C:/Program Files/MiKTeX 2.9/fonts/type1/public/amsfonts/cm/cms
y10.pfb>
Output written on documentation.pdf (9 pages, 658287 bytes).
PDF statistics:
 60 PDF objects out of 1000 (max. 8388607)
 0 named destinations out of 1000 (max. 500000)
 21 words of extra memory for PDF output out of 10000 (max. 10000000)

